c:\users\ammar\documents\visual studio 2008\projects\shredsncharades\shredsncharades\dependencies\speex\win32\vs2008\libspeexdsp\debug\libspeexdsp.pdb
c:\users\ammar\documents\visual studio 2008\projects\shredsncharades\shredsncharades\dependencies\speex\win32\vs2008\libspeexdsp\debug\libspeexdsp.idb
c:\users\ammar\documents\visual studio 2008\projects\shredsncharades\shredsncharades\dependencies\speex\win32\vs2008\libspeexdsp\debug\buffer.obj
c:\users\ammar\documents\visual studio 2008\projects\shredsncharades\shredsncharades\dependencies\speex\win32\vs2008\libspeexdsp\debug\fftwrap.obj
c:\users\ammar\documents\visual studio 2008\projects\shredsncharades\shredsncharades\dependencies\speex\win32\vs2008\libspeexdsp\debug\filterbank.obj
c:\users\ammar\documents\visual studio 2008\projects\shredsncharades\shredsncharades\dependencies\speex\win32\vs2008\libspeexdsp\debug\jitter.obj
c:\users\ammar\documents\visual studio 2008\projects\shredsncharades\shredsncharades\dependencies\speex\win32\vs2008\libspeexdsp\debug\kiss_fft.obj
c:\users\ammar\documents\visual studio 2008\projects\shredsncharades\shredsncharades\dependencies\speex\win32\vs2008\libspeexdsp\debug\kiss_fftr.obj
c:\users\ammar\documents\visual studio 2008\projects\shredsncharades\shredsncharades\dependencies\speex\win32\vs2008\libspeexdsp\debug\mdf.obj
c:\users\ammar\documents\visual studio 2008\projects\shredsncharades\shredsncharades\dependencies\speex\win32\vs2008\libspeexdsp\debug\preprocess.obj
c:\users\ammar\documents\visual studio 2008\projects\shredsncharades\shredsncharades\dependencies\speex\win32\vs2008\libspeexdsp\debug\resample.obj
c:\users\ammar\documents\visual studio 2008\projects\shredsncharades\shredsncharades\dependencies\speex\win32\vs2008\libspeexdsp\debug\scal.obj
c:\users\ammar\documents\visual studio 2008\projects\shredsncharades\shredsncharades\dependencies\speex\win32\vs2008\libspeexdsp\debug\smallft.obj
c:\users\ammar\documents\visual studio 2008\projects\shredsncharades\shredsncharades\dependencies\speex\lib\libspeexdsp_debug.lib
c:\users\ammar\documents\visual studio 2008\projects\shredsncharades\shredsncharades\dependencies\speex\win32\vs2008\libspeexdsp\debug\libspeexdsp.tlog\cl.command.1.tlog
c:\users\ammar\documents\visual studio 2008\projects\shredsncharades\shredsncharades\dependencies\speex\win32\vs2008\libspeexdsp\debug\libspeexdsp.tlog\cl.read.1.tlog
c:\users\ammar\documents\visual studio 2008\projects\shredsncharades\shredsncharades\dependencies\speex\win32\vs2008\libspeexdsp\debug\libspeexdsp.tlog\cl.write.1.tlog
c:\users\ammar\documents\visual studio 2008\projects\shredsncharades\shredsncharades\dependencies\speex\win32\vs2008\libspeexdsp\debug\libspeexdsp.tlog\lib-link.read.1.tlog
c:\users\ammar\documents\visual studio 2008\projects\shredsncharades\shredsncharades\dependencies\speex\win32\vs2008\libspeexdsp\debug\libspeexdsp.tlog\lib-link.write.1.tlog
c:\users\ammar\documents\visual studio 2008\projects\shredsncharades\shredsncharades\dependencies\speex\win32\vs2008\libspeexdsp\debug\libspeexdsp.tlog\lib.command.1.tlog
