c:\users\ammar\documents\visual studio 2008\projects\shredsncharades\shredsncharades\dependencies\speex\win32\vs2008\libspeexdsp\release\libspeexdsp.pdb
c:\users\ammar\documents\visual studio 2008\projects\shredsncharades\shredsncharades\dependencies\speex\win32\vs2008\libspeexdsp\release\smallft.obj
c:\users\ammar\documents\visual studio 2008\projects\shredsncharades\shredsncharades\dependencies\speex\win32\vs2008\libspeexdsp\release\scal.obj
c:\users\ammar\documents\visual studio 2008\projects\shredsncharades\shredsncharades\dependencies\speex\win32\vs2008\libspeexdsp\release\resample.obj
c:\users\ammar\documents\visual studio 2008\projects\shredsncharades\shredsncharades\dependencies\speex\win32\vs2008\libspeexdsp\release\preprocess.obj
c:\users\ammar\documents\visual studio 2008\projects\shredsncharades\shredsncharades\dependencies\speex\win32\vs2008\libspeexdsp\release\mdf.obj
c:\users\ammar\documents\visual studio 2008\projects\shredsncharades\shredsncharades\dependencies\speex\win32\vs2008\libspeexdsp\release\kiss_fftr.obj
c:\users\ammar\documents\visual studio 2008\projects\shredsncharades\shredsncharades\dependencies\speex\win32\vs2008\libspeexdsp\release\kiss_fft.obj
c:\users\ammar\documents\visual studio 2008\projects\shredsncharades\shredsncharades\dependencies\speex\win32\vs2008\libspeexdsp\release\jitter.obj
c:\users\ammar\documents\visual studio 2008\projects\shredsncharades\shredsncharades\dependencies\speex\win32\vs2008\libspeexdsp\release\filterbank.obj
c:\users\ammar\documents\visual studio 2008\projects\shredsncharades\shredsncharades\dependencies\speex\win32\vs2008\libspeexdsp\release\fftwrap.obj
c:\users\ammar\documents\visual studio 2008\projects\shredsncharades\shredsncharades\dependencies\speex\win32\vs2008\libspeexdsp\release\buffer.obj
c:\users\ammar\documents\visual studio 2008\projects\shredsncharades\shredsncharades\dependencies\speex\lib\libspeexdsp.lib
c:\users\ammar\documents\visual studio 2008\projects\shredsncharades\shredsncharades\dependencies\speex\win32\vs2008\libspeexdsp\release\libspeexdsp.tlog\cl.command.1.tlog
c:\users\ammar\documents\visual studio 2008\projects\shredsncharades\shredsncharades\dependencies\speex\win32\vs2008\libspeexdsp\release\libspeexdsp.tlog\cl.items.tlog
c:\users\ammar\documents\visual studio 2008\projects\shredsncharades\shredsncharades\dependencies\speex\win32\vs2008\libspeexdsp\release\libspeexdsp.tlog\cl.read.1.tlog
c:\users\ammar\documents\visual studio 2008\projects\shredsncharades\shredsncharades\dependencies\speex\win32\vs2008\libspeexdsp\release\libspeexdsp.tlog\cl.write.1.tlog
c:\users\ammar\documents\visual studio 2008\projects\shredsncharades\shredsncharades\dependencies\speex\win32\vs2008\libspeexdsp\release\libspeexdsp.tlog\lib-link.read.1.tlog
c:\users\ammar\documents\visual studio 2008\projects\shredsncharades\shredsncharades\dependencies\speex\win32\vs2008\libspeexdsp\release\libspeexdsp.tlog\lib-link.write.1.tlog
c:\users\ammar\documents\visual studio 2008\projects\shredsncharades\shredsncharades\dependencies\speex\win32\vs2008\libspeexdsp\release\libspeexdsp.tlog\lib.command.1.tlog
