c:\users\ammar\documents\visual studio 2008\projects\shredsncharades\shredsncharades\win\x64\release\libspeexdsp.pdb
c:\users\ammar\documents\visual studio 2008\projects\shredsncharades\shredsncharades\dependencies\speex\win32\vs2008\libspeexdsp\x64\release\smallft.obj
c:\users\ammar\documents\visual studio 2008\projects\shredsncharades\shredsncharades\dependencies\speex\win32\vs2008\libspeexdsp\x64\release\scal.obj
c:\users\ammar\documents\visual studio 2008\projects\shredsncharades\shredsncharades\dependencies\speex\win32\vs2008\libspeexdsp\x64\release\resample.obj
c:\users\ammar\documents\visual studio 2008\projects\shredsncharades\shredsncharades\dependencies\speex\win32\vs2008\libspeexdsp\x64\release\preprocess.obj
c:\users\ammar\documents\visual studio 2008\projects\shredsncharades\shredsncharades\dependencies\speex\win32\vs2008\libspeexdsp\x64\release\mdf.obj
c:\users\ammar\documents\visual studio 2008\projects\shredsncharades\shredsncharades\dependencies\speex\win32\vs2008\libspeexdsp\x64\release\kiss_fftr.obj
c:\users\ammar\documents\visual studio 2008\projects\shredsncharades\shredsncharades\dependencies\speex\win32\vs2008\libspeexdsp\x64\release\kiss_fft.obj
c:\users\ammar\documents\visual studio 2008\projects\shredsncharades\shredsncharades\dependencies\speex\win32\vs2008\libspeexdsp\x64\release\jitter.obj
c:\users\ammar\documents\visual studio 2008\projects\shredsncharades\shredsncharades\dependencies\speex\win32\vs2008\libspeexdsp\x64\release\filterbank.obj
c:\users\ammar\documents\visual studio 2008\projects\shredsncharades\shredsncharades\dependencies\speex\win32\vs2008\libspeexdsp\x64\release\fftwrap.obj
c:\users\ammar\documents\visual studio 2008\projects\shredsncharades\shredsncharades\dependencies\speex\win32\vs2008\libspeexdsp\x64\release\buffer.obj
c:\users\ammar\documents\visual studio 2008\projects\shredsncharades\shredsncharades\dependencies\speex\lib\libspeexdsp.x64.lib
c:\users\ammar\documents\visual studio 2008\projects\shredsncharades\shredsncharades\dependencies\speex\win32\vs2008\libspeexdsp\x64\release\libspeexdsp.tlog\cl.command.1.tlog
c:\users\ammar\documents\visual studio 2008\projects\shredsncharades\shredsncharades\dependencies\speex\win32\vs2008\libspeexdsp\x64\release\libspeexdsp.tlog\cl.items.tlog
c:\users\ammar\documents\visual studio 2008\projects\shredsncharades\shredsncharades\dependencies\speex\win32\vs2008\libspeexdsp\x64\release\libspeexdsp.tlog\cl.read.1.tlog
c:\users\ammar\documents\visual studio 2008\projects\shredsncharades\shredsncharades\dependencies\speex\win32\vs2008\libspeexdsp\x64\release\libspeexdsp.tlog\cl.write.1.tlog
c:\users\ammar\documents\visual studio 2008\projects\shredsncharades\shredsncharades\dependencies\speex\win32\vs2008\libspeexdsp\x64\release\libspeexdsp.tlog\lib-link.read.1.tlog
c:\users\ammar\documents\visual studio 2008\projects\shredsncharades\shredsncharades\dependencies\speex\win32\vs2008\libspeexdsp\x64\release\libspeexdsp.tlog\lib-link.write.1.tlog
c:\users\ammar\documents\visual studio 2008\projects\shredsncharades\shredsncharades\dependencies\speex\win32\vs2008\libspeexdsp\x64\release\libspeexdsp.tlog\lib.command.1.tlog
